<?xml version="1.0" encoding="UTF-8"?>
<!-- Generated by org.testng.reporters.JUnitReportReporter -->
<testsuite hostname="CのG" name="com.lenovo.buy.CG25000H" tests="1" failures="0" timestamp="7 Oct 2018 14:44:20 GMT" time="36.059" errors="0">
  <testcase name="test" time="36.059" classname="com.lenovo.buy.CG25000H"/>
</testsuite> <!-- com.lenovo.buy.CG25000H -->
